<?xml version="1.0" encoding="UTF-8"?>
<testsuite name="org.example.CellTest" tests="10" skipped="0" failures="0" errors="0" timestamp="2024-09-04T14:29:17" hostname="RSLPTP1209" time="0.031">
  <properties/>
  <testcase name="A live cell with 2 live neighbours should survive" classname="org.example.CellTest" time="0.017"/>
  <testcase name="A live cell with 3 live neighbours should survive" classname="org.example.CellTest" time="0.001"/>
  <testcase name="A live cell with fewer than two live neighbours should die" classname="org.example.CellTest" time="0.001"/>
  <testcase name="Should initialize a new cell" classname="org.example.CellTest" time="0.0"/>
  <testcase name="A live cell with exactly three neighbours will be alive again" classname="org.example.CellTest" time="0.001"/>
  <testcase name="A live cell with 4 live neighbours will die" classname="org.example.CellTest" time="0.001"/>
  <testcase name="A live cell with 5 live neighbours will die" classname="org.example.CellTest" time="0.0"/>
  <testcase name="A live cell with 6 live neighbours will die" classname="org.example.CellTest" time="0.0"/>
  <testcase name="A live cell with 7 live neighbours will die" classname="org.example.CellTest" time="0.0"/>
  <testcase name="A live cell with 8 live neighbours will die" classname="org.example.CellTest" time="0.0"/>
  <system-out><![CDATA[]]></system-out>
  <system-err><![CDATA[]]></system-err>
</testsuite>
