<?xml version="1.0" encoding="UTF-8"?>
<testsuite name="org.example.GridTest" tests="3" skipped="0" failures="0" errors="0" timestamp="2024-09-04T14:29:17" hostname="RSLPTP1209" time="0.005">
  <properties/>
  <testcase name="Set and retrieve the state of cell" classname="org.example.GridTest" time="0.002"/>
  <testcase name="Set and retrieve the state of cell" classname="org.example.GridTest" time="0.0"/>
  <testcase name="Initialize a grid and with all dead cells and confirm its dimension and state" classname="org.example.GridTest" time="0.001"/>
  <system-out><![CDATA[]]></system-out>
  <system-err><![CDATA[]]></system-err>
</testsuite>
